Using pre-set license
Built from '2023.2/release' branch; Version is '2023.2.10f1 (316c1fd686f6) revision 3238943'; Using compiler version '193431935'; Build Type 'Release'
OS: 'Windows 11  (10.0.22631) 64bit Professional' Language: 'en' Physical Memory: 16195 MB
BatchMode: 1, IsHumanControllingUs: 0, StartBugReporterOnCrash: 0, Is64bit: 1, IsPro: 1

COMMAND LINE ARGUMENTS:
C:\Program Files\Unity\Hub\Editor\2023.2.10f1\Editor\Unity.exe
-adb2
-batchMode
-noUpm
-name
AssetImportWorker2
-projectPath
D:/Ducvu25/Unity2DTopDownRGB/Thi tran vui ve
-logFile
Logs/AssetImportWorker2.log
-srvPort
61911
-job-worker-count
5
-background-job-worker-count
8
-asset-garbage-collectors
1
Successfully changed project path to: D:/Ducvu25/Unity2DTopDownRGB/Thi tran vui ve
D:/Ducvu25/Unity2DTopDownRGB/Thi tran vui ve
[UnityMemory] Configuration Parameters - Can be set up in boot.config
    "memorysetup-bucket-allocator-granularity=16"
    "memorysetup-bucket-allocator-bucket-count=8"
    "memorysetup-bucket-allocator-block-size=33554432"
    "memorysetup-bucket-allocator-block-count=8"
    "memorysetup-main-allocator-block-size=16777216"
    "memorysetup-thread-allocator-block-size=16777216"
    "memorysetup-gfx-main-allocator-block-size=16777216"
    "memorysetup-gfx-thread-allocator-block-size=16777216"
    "memorysetup-cache-allocator-block-size=4194304"
    "memorysetup-typetree-allocator-block-size=2097152"
    "memorysetup-profiler-bucket-allocator-granularity=16"
    "memorysetup-profiler-bucket-allocator-bucket-count=8"
    "memorysetup-profiler-bucket-allocator-block-size=33554432"
    "memorysetup-profiler-bucket-allocator-block-count=8"
    "memorysetup-profiler-allocator-block-size=16777216"
    "memorysetup-profiler-editor-allocator-block-size=1048576"
    "memorysetup-temp-allocator-size-main=16777216"
    "memorysetup-job-temp-allocator-block-size=2097152"
    "memorysetup-job-temp-allocator-block-size-background=1048576"
    "memorysetup-job-temp-allocator-reduction-small-platforms=262144"
    "memorysetup-allocator-temp-initial-block-size-main=262144"
    "memorysetup-allocator-temp-initial-block-size-worker=262144"
    "memorysetup-temp-allocator-size-background-worker=32768"
    "memorysetup-temp-allocator-size-job-worker=262144"
    "memorysetup-temp-allocator-size-preload-manager=33554432"
    "memorysetup-temp-allocator-size-nav-mesh-worker=65536"
    "memorysetup-temp-allocator-size-audio-worker=65536"
    "memorysetup-temp-allocator-size-cloud-worker=32768"
    "memorysetup-temp-allocator-size-gi-baking-worker=262144"
    "memorysetup-temp-allocator-size-gi-baking-worker=262144"
    "memorysetup-temp-allocator-size-gi-baking-worker=262144"
    "memorysetup-temp-allocator-size-gi-baking-worker=262144"
    "memorysetup-temp-allocator-size-gfx=262144"
Player connection [16444] Host "[IP] 192.168.1.15 [Port] 0 [Flags] 2 [Guid] 4152655153 [EditorId] 4152655153 [Version] 1048832 [Id] WindowsEditor(7,MeepoStudioPC) [Debug] 1 [PackageName] WindowsEditor [ProjectName] Editor" joined multi-casting on [225.0.0.222:54997]...
Player connection [16444] Host "[IP] 192.168.1.15 [Port] 0 [Flags] 2 [Guid] 4152655153 [EditorId] 4152655153 [Version] 1048832 [Id] WindowsEditor(7,MeepoStudioPC) [Debug] 1 [PackageName] WindowsEditor [ProjectName] Editor" joined alternative multi-casting on [225.0.0.222:34997]...
JobSystem: Creating JobQueue using job-worker-count value 5
[Physics::Module] Initialized MultithreadedJobDispatcher with 5 workers.
Library Redirect Path: Library/
Refreshing native plugins compatible for Editor in 1.36 ms, found 4 plugins.
Preloading 0 native plugins for Editor in 0.00 ms.
Initialize engine version: 2023.2.10f1 (316c1fd686f6)
[Subsystems] Discovering subsystems at path C:/Program Files/Unity/Hub/Editor/2023.2.10f1/Editor/Data/Resources/UnitySubsystems
[Subsystems] Discovering subsystems at path D:/Ducvu25/Unity2DTopDownRGB/Thi tran vui ve/Assets
GfxDevice: creating device client; kGfxThreadingModeNonThreaded
Direct3D:
    Version:  Direct3D 11.0 [level 11.1]
    Renderer: NVIDIA GeForce GTX 1650 (ID=0x2188)
    Vendor:   NVIDIA
    VRAM:     3962 MB
    Driver:   27.21.14.5671
Initialize mono
Mono path[0] = 'C:/Program Files/Unity/Hub/Editor/2023.2.10f1/Editor/Data/Managed'
Mono path[1] = 'C:/Program Files/Unity/Hub/Editor/2023.2.10f1/Editor/Data/MonoBleedingEdge/lib/mono/unityjit-win32'
Mono config path = 'C:/Program Files/Unity/Hub/Editor/2023.2.10f1/Editor/Data/MonoBleedingEdge/etc'
Using monoOptions --debugger-agent=transport=dt_socket,embedding=1,server=y,suspend=n,address=127.0.0.1:56204
Begin MonoManager ReloadAssembly
C:\build\output\Unity-Technologies\mono\mono\metadata\icall.c:1842:
C:\build\output\Unity-Technologies\mono\mono\metadata\icall.c:1842:
C:\build\output\Unity-Technologies\mono\mono\metadata\icall.c:1842:
C:\build\output\Unity-Technologies\mono\mono\metadata\icall.c:1842:
C:\build\output\Unity-Technologies\mono\mono\metadata\icall.c:1842:
C:\build\output\Unity-Technologies\mono\mono\metadata\icall.c:1842:
C:\build\output\Unity-Technologies\mono\mono\metadata\icall.c:1842:
C:\build\output\Unity-Technologies\mono\mono\metadata\icall.c:1842:
C:\build\output\Unity-Technologies\mono\mono\metadata\icall.c:1842:
C:\build\output\Unity-Technologies\mono\mono\metadata\icall.c:1842:
Registering precompiled unity dll's ...
Register platform support module: C:/Program Files/Unity/Hub/Editor/2023.2.10f1/Editor/Data/PlaybackEngines/WebGLSupport/UnityEditor.WebGL.Extensions.dll
Register platform support module: C:/Program Files/Unity/Hub/Editor/2023.2.10f1/Editor/Data/PlaybackEngines/WindowsStandaloneSupport/UnityEditor.WindowsStandalone.Extensions.dll
Register platform support module: C:/Program Files/Unity/Hub/Editor/2023.2.10f1/Editor/Data/PlaybackEngines/AndroidPlayer/UnityEditor.Android.Extensions.dll
Registered in 0.004798 seconds.
- Loaded All Assemblies, in  0.506 seconds
Native extension for Android target not found
Native extension for WindowsStandalone target not found
Native extension for WebGL target not found
Mono: successfully reloaded assembly
C:\build\output\Unity-Technologies\mono\mono\metadata\icall.c:1842:
C:\build\output\Unity-Technologies\mono\mono\metadata\icall.c:1842:
- Finished resetting the current domain, in  0.433 seconds
Domain Reload Profiling: 936ms
	BeginReloadAssembly (161ms)
		ExecutionOrderSort (0ms)
		DisableScriptedObjects (0ms)
		BackupInstance (0ms)
		ReleaseScriptingObjects (0ms)
		CreateAndSetChildDomain (1ms)
	RebuildCommonClasses (43ms)
	RebuildNativeTypeToScriptingClass (24ms)
	initialDomainReloadingComplete (61ms)
	LoadAllAssembliesAndSetupDomain (212ms)
		LoadAssemblies (158ms)
		RebuildTransferFunctionScriptingTraits (0ms)
		AnalyzeDomain (208ms)
			TypeCache.Refresh (207ms)
				TypeCache.ScanAssembly (191ms)
			BuildScriptInfoCaches (0ms)
			ResolveRequiredComponents (0ms)
	FinalizeReload (434ms)
		ReleaseScriptCaches (0ms)
		RebuildScriptCaches (0ms)
		SetupLoadedEditorAssemblies (380ms)
			LogAssemblyErrors (0ms)
			InitializePlatformSupportModulesInManaged (89ms)
			SetLoadedEditorAssemblies (4ms)
			BeforeProcessingInitializeOnLoad (8ms)
			ProcessInitializeOnLoadAttributes (215ms)
			ProcessInitializeOnLoadMethodAttributes (64ms)
			AfterProcessingInitializeOnLoad (0ms)
			EditorAssembliesLoaded (0ms)
		ExecutionOrderSort2 (0ms)
		AwakeInstancesAfterBackupRestoration (0ms)
========================================================================
Worker process is ready to serve import requests
Import Worker Mode flag is 0x00
Begin MonoManager ReloadAssembly
C:\build\output\Unity-Technologies\mono\mono\metadata\icall.c:1842:
C:\build\output\Unity-Technologies\mono\mono\metadata\icall.c:1842:
C:\build\output\Unity-Technologies\mono\mono\metadata\icall.c:1842:
C:\build\output\Unity-Technologies\mono\mono\metadata\icall.c:1842:
C:\build\output\Unity-Technologies\mono\mono\metadata\icall.c:1842:
C:\build\output\Unity-Technologies\mono\mono\metadata\icall.c:1842:
C:\build\output\Unity-Technologies\mono\mono\metadata\icall.c:1842:
C:\build\output\Unity-Technologies\mono\mono\metadata\icall.c:1842:
C:\build\output\Unity-Technologies\mono\mono\metadata\icall.c:1842:
C:\build\output\Unity-Technologies\mono\mono\metadata\icall.c:1842:
C:\build\output\Unity-Technologies\mono\mono\metadata\icall.c:1842:
C:\build\output\Unity-Technologies\mono\mono\metadata\icall.c:1842:
Symbol file LoadedFromMemory doesn't match image D:\Ducvu25\Unity2DTopDownRGB\Thi tran vui ve\Library\PackageCache\com.unity.visualscripting@1.8.0\Editor\VisualScripting.Core\Dependencies\YamlDotNet\Unity.VisualScripting.YamlDotNet.dll
Symbol file LoadedFromMemory doesn't match image D:\Ducvu25\Unity2DTopDownRGB\Thi tran vui ve\Library\PackageCache\com.unity.visualscripting@1.8.0\Editor\VisualScripting.Core\Dependencies\DotNetZip\Unity.VisualScripting.IonicZip.dll
- Loaded All Assemblies, in  1.202 seconds
Refreshing native plugins compatible for Editor in 0.94 ms, found 4 plugins.
Native extension for Android target not found
Native extension for WindowsStandalone target not found
Native extension for WebGL target not found
Mono: successfully reloaded assembly
- Finished resetting the current domain, in  1.137 seconds
Domain Reload Profiling: 2336ms
	BeginReloadAssembly (424ms)
		ExecutionOrderSort (0ms)
		DisableScriptedObjects (7ms)
		BackupInstance (0ms)
		ReleaseScriptingObjects (0ms)
		CreateAndSetChildDomain (43ms)
	RebuildCommonClasses (53ms)
	RebuildNativeTypeToScriptingClass (16ms)
	initialDomainReloadingComplete (45ms)
	LoadAllAssembliesAndSetupDomain (660ms)
		LoadAssemblies (466ms)
		RebuildTransferFunctionScriptingTraits (0ms)
		AnalyzeDomain (337ms)
			TypeCache.Refresh (263ms)
				TypeCache.ScanAssembly (234ms)
			BuildScriptInfoCaches (55ms)
			ResolveRequiredComponents (14ms)
	FinalizeReload (1137ms)
		ReleaseScriptCaches (0ms)
		RebuildScriptCaches (0ms)
		SetupLoadedEditorAssemblies (798ms)
			LogAssemblyErrors (0ms)
			InitializePlatformSupportModulesInManaged (25ms)
			SetLoadedEditorAssemblies (6ms)
			BeforeProcessingInitializeOnLoad (91ms)
			ProcessInitializeOnLoadAttributes (583ms)
			ProcessInitializeOnLoadMethodAttributes (83ms)
			AfterProcessingInitializeOnLoad (9ms)
			EditorAssembliesLoaded (0ms)
		ExecutionOrderSort2 (0ms)
		AwakeInstancesAfterBackupRestoration (9ms)
Launched and connected shader compiler UnityShaderCompiler.exe after 0.02 seconds
Refreshing native plugins compatible for Editor in 1.09 ms, found 4 plugins.
Preloading 0 native plugins for Editor in 0.00 ms.
Unloading 172 Unused Serialized files (Serialized files now loaded: 0)
Unloading 6387 unused Assets / (6.0 MB). Loaded Objects now: 7064.
Memory consumption went from 188.2 MB to 182.2 MB.
Total: 11.006600 ms (FindLiveObjects: 1.581100 ms CreateObjectMapping: 1.349700 ms MarkObjects: 4.570300 ms  DeleteObjects: 3.504000 ms)

========================================================================
Received Import Request.
  Time since last request: 83140.167551 seconds.
  path: Assets/Pictures/Sprout Lands - Sprites - Basic pack/Sprout Lands - UI Pack - Basic pack/Sprite sheets/Dialouge UI/Premade dialog box small.png
  artifactKey: Guid(dea9527414c91e24a91c8c686df7ec50) Importer(815301076,1909f56bfc062723c751e8b465ee728b)
Start importing Assets/Pictures/Sprout Lands - Sprites - Basic pack/Sprout Lands - UI Pack - Basic pack/Sprite sheets/Dialouge UI/Premade dialog box small.png using Guid(dea9527414c91e24a91c8c686df7ec50) Importer(815301076,1909f56bfc062723c751e8b465ee728b) (PreviewImporter) -> (artifact id: 'b7d42b7b9ce1660c8d600acfbf1d20b9') in 0.1105037 seconds
Number of updated asset objects reloaded before import = 0Number of asset objects unloaded after import = 3

========================================================================
Received Import Request.
  Time since last request: 0.000024 seconds.
  path: Assets/Pictures/Sprout Lands - Sprites - Basic pack/Sprout Lands - UI Pack - Basic pack/Sprite sheets/Dialouge UI/dialog box character finished talking click to continue indicator - spritesheet .png
  artifactKey: Guid(a2d35a5820384984ca9019822402f410) Importer(815301076,1909f56bfc062723c751e8b465ee728b)
Start importing Assets/Pictures/Sprout Lands - Sprites - Basic pack/Sprout Lands - UI Pack - Basic pack/Sprite sheets/Dialouge UI/dialog box character finished talking click to continue indicator - spritesheet .png using Guid(a2d35a5820384984ca9019822402f410) Importer(815301076,1909f56bfc062723c751e8b465ee728b) (PreviewImporter) -> (artifact id: '35ba64eba3bd0110838c3e4758ca36d4') in 0.0447237 seconds
Number of updated asset objects reloaded before import = 0Number of asset objects unloaded after import = 8

========================================================================
Received Import Request.
  Time since last request: 0.000023 seconds.
  path: Assets/Pictures/Sprout Lands - Sprites - Basic pack/Sprout Lands - UI Pack - Basic pack/Sprite sheets/buttons/Square Buttons 26x26.png
  artifactKey: Guid(19e2287451e26e447a810f99639ff064) Importer(815301076,1909f56bfc062723c751e8b465ee728b)
Start importing Assets/Pictures/Sprout Lands - Sprites - Basic pack/Sprout Lands - UI Pack - Basic pack/Sprite sheets/buttons/Square Buttons 26x26.png using Guid(19e2287451e26e447a810f99639ff064) Importer(815301076,1909f56bfc062723c751e8b465ee728b) (PreviewImporter) -> (artifact id: '0f409d39484533f942d1be6789030a07') in 0.0496772 seconds
Number of updated asset objects reloaded before import = 0Number of asset objects unloaded after import = 10

========================================================================
Received Import Request.
  Time since last request: 3.735677 seconds.
  path: Assets/Pictures/Sprout Lands - Sprites - Basic pack/Sprout Lands - UI Pack - Basic pack/Sprite sheets/Dialouge UI/Emotes
  artifactKey: Guid(42eb5fb9c979e4c4097c71f0eaa8a8b6) Importer(815301076,1909f56bfc062723c751e8b465ee728b)
Start importing Assets/Pictures/Sprout Lands - Sprites - Basic pack/Sprout Lands - UI Pack - Basic pack/Sprite sheets/Dialouge UI/Emotes using Guid(42eb5fb9c979e4c4097c71f0eaa8a8b6) Importer(815301076,1909f56bfc062723c751e8b465ee728b) (PreviewImporter) -> (artifact id: '8cd27cd3ef641ad0de8d5dd19b3fe022') in 0.0008148 seconds
Number of updated asset objects reloaded before import = 0Number of asset objects unloaded after import = 0

========================================================================
Received Import Request.
  Time since last request: 0.054282 seconds.
  path: Assets/Pictures/Sprout Lands - Sprites - Basic pack/Sprout Lands - UI Pack - Basic pack/Sprite sheets/Dialouge UI/Emotes/Teemo Basic emote animations sprite sheet.png
  artifactKey: Guid(e01bfa394346e2c4882c6c3b8dac4515) Importer(815301076,1909f56bfc062723c751e8b465ee728b)
Start importing Assets/Pictures/Sprout Lands - Sprites - Basic pack/Sprout Lands - UI Pack - Basic pack/Sprite sheets/Dialouge UI/Emotes/Teemo Basic emote animations sprite sheet.png using Guid(e01bfa394346e2c4882c6c3b8dac4515) Importer(815301076,1909f56bfc062723c751e8b465ee728b) (PreviewImporter) -> (artifact id: 'a6d01bb09e7c73e552c5a49f132d2d8f') in 0.0616217 seconds
Number of updated asset objects reloaded before import = 0Number of asset objects unloaded after import = 34

========================================================================
Received Import Request.
  Time since last request: 5.208181 seconds.
  path: Assets/Pictures/Sprout Lands - Sprites - Basic pack/Sprout Lands - UI Pack - Basic pack/Sprite sheets/Icons/All Icons.png
  artifactKey: Guid(40d831d0b765c304d91fad3885e3fa7f) Importer(815301076,1909f56bfc062723c751e8b465ee728b)
Start importing Assets/Pictures/Sprout Lands - Sprites - Basic pack/Sprout Lands - UI Pack - Basic pack/Sprite sheets/Icons/All Icons.png using Guid(40d831d0b765c304d91fad3885e3fa7f) Importer(815301076,1909f56bfc062723c751e8b465ee728b) (PreviewImporter) -> (artifact id: 'e5208557bcb8ba17f9e17889e1a86178') in 0.1320407 seconds
Number of updated asset objects reloaded before import = 0Number of asset objects unloaded after import = 62

========================================================================
Received Import Request.
  Time since last request: 4.556830 seconds.
  path: Assets/Pictures/Sprout Lands - Sprites - Basic pack/Sprout Lands - UI Pack - Basic pack/Sprite sheets/Icons/special icons
  artifactKey: Guid(643a1eb253c8e084ca5259eb885839db) Importer(815301076,1909f56bfc062723c751e8b465ee728b)
Start importing Assets/Pictures/Sprout Lands - Sprites - Basic pack/Sprout Lands - UI Pack - Basic pack/Sprite sheets/Icons/special icons using Guid(643a1eb253c8e084ca5259eb885839db) Importer(815301076,1909f56bfc062723c751e8b465ee728b) (PreviewImporter) -> (artifact id: '6eb1b28723b4736ebb1d68390baef7e1') in 0.0006834 seconds
Number of updated asset objects reloaded before import = 0Number of asset objects unloaded after import = 0

========================================================================
Received Import Request.
  Time since last request: 0.077318 seconds.
  path: Assets/Pictures/Sprout Lands - Sprites - Basic pack/Sprout Lands - UI Pack - Basic pack/Sprite sheets/Icons/special icons/Small Happines-Sadness icons.png
  artifactKey: Guid(212c118997e21f24ba637a7c94b0ad29) Importer(815301076,1909f56bfc062723c751e8b465ee728b)
Start importing Assets/Pictures/Sprout Lands - Sprites - Basic pack/Sprout Lands - UI Pack - Basic pack/Sprite sheets/Icons/special icons/Small Happines-Sadness icons.png using Guid(212c118997e21f24ba637a7c94b0ad29) Importer(815301076,1909f56bfc062723c751e8b465ee728b) (PreviewImporter) -> (artifact id: '8bc026c37b4e43bf31f19749e655e4d2') in 0.0743508 seconds
Number of updated asset objects reloaded before import = 0Number of asset objects unloaded after import = 14

========================================================================
Received Import Request.
  Time since last request: 1.803186 seconds.
  path: Assets/Pictures/Sprout Lands - Sprites - Basic pack/Sprout Lands - UI Pack - Basic pack/Sprite sheets/Mouse sprites/Catpaw holding Mouse icon.png
  artifactKey: Guid(060b27fd8d8da6240827bcf1df1a1a9f) Importer(815301076,1909f56bfc062723c751e8b465ee728b)
Start importing Assets/Pictures/Sprout Lands - Sprites - Basic pack/Sprout Lands - UI Pack - Basic pack/Sprite sheets/Mouse sprites/Catpaw holding Mouse icon.png using Guid(060b27fd8d8da6240827bcf1df1a1a9f) Importer(815301076,1909f56bfc062723c751e8b465ee728b) (PreviewImporter) -> (artifact id: 'b10b02ccfa133e8749ff6f4fc5e206c7') in 0.0137415 seconds
Number of updated asset objects reloaded before import = 0Number of asset objects unloaded after import = 3

========================================================================
Received Import Request.
  Time since last request: 0.000120 seconds.
  path: Assets/Pictures/Sprout Lands - Sprites - Basic pack/Sprout Lands - UI Pack - Basic pack/Sprite sheets/Mouse sprites/Triangle Mouse icon 1.png
  artifactKey: Guid(ac38740393866e64687c610b5be173b0) Importer(815301076,1909f56bfc062723c751e8b465ee728b)
Start importing Assets/Pictures/Sprout Lands - Sprites - Basic pack/Sprout Lands - UI Pack - Basic pack/Sprite sheets/Mouse sprites/Triangle Mouse icon 1.png using Guid(ac38740393866e64687c610b5be173b0) Importer(815301076,1909f56bfc062723c751e8b465ee728b) (PreviewImporter) -> (artifact id: 'b5b4a63960414b9d1fc6bbc94360f858') in 0.0187462 seconds
Number of updated asset objects reloaded before import = 0Number of asset objects unloaded after import = 3

Editor requested this worker to shutdown with reason: Scaling down because of idle timeout
AssetImportWorker is now disconnected from the server
Process exiting
Exiting without the bug reporter. Application will terminate with return code 0