Using pre-set license
Built from '2023.2/release' branch; Version is '2023.2.10f1 (316c1fd686f6) revision 3238943'; Using compiler version '193431935'; Build Type 'Release'
OS: 'Windows 11  (10.0.22631) 64bit Professional' Language: 'en' Physical Memory: 16195 MB
BatchMode: 1, IsHumanControllingUs: 0, StartBugReporterOnCrash: 0, Is64bit: 1, IsPro: 1

COMMAND LINE ARGUMENTS:
C:\Program Files\Unity\Hub\Editor\2023.2.10f1\Editor\Unity.exe
-adb2
-batchMode
-noUpm
-name
AssetImportWorker0
-projectPath
D:/Ducvu25/Unity2DTopDownRGB/Thi tran vui ve
-logFile
Logs/AssetImportWorker0.log
-srvPort
52141
-job-worker-count
5
-background-job-worker-count
8
-asset-garbage-collectors
1
Successfully changed project path to: D:/Ducvu25/Unity2DTopDownRGB/Thi tran vui ve
D:/Ducvu25/Unity2DTopDownRGB/Thi tran vui ve
[UnityMemory] Configuration Parameters - Can be set up in boot.config
    "memorysetup-bucket-allocator-granularity=16"
    "memorysetup-bucket-allocator-bucket-count=8"
    "memorysetup-bucket-allocator-block-size=33554432"
    "memorysetup-bucket-allocator-block-count=8"
    "memorysetup-main-allocator-block-size=16777216"
    "memorysetup-thread-allocator-block-size=16777216"
    "memorysetup-gfx-main-allocator-block-size=16777216"
    "memorysetup-gfx-thread-allocator-block-size=16777216"
    "memorysetup-cache-allocator-block-size=4194304"
    "memorysetup-typetree-allocator-block-size=2097152"
    "memorysetup-profiler-bucket-allocator-granularity=16"
    "memorysetup-profiler-bucket-allocator-bucket-count=8"
    "memorysetup-profiler-bucket-allocator-block-size=33554432"
    "memorysetup-profiler-bucket-allocator-block-count=8"
    "memorysetup-profiler-allocator-block-size=16777216"
    "memorysetup-profiler-editor-allocator-block-size=1048576"
    "memorysetup-temp-allocator-size-main=16777216"
    "memorysetup-job-temp-allocator-block-size=2097152"
    "memorysetup-job-temp-allocator-block-size-background=1048576"
    "memorysetup-job-temp-allocator-reduction-small-platforms=262144"
    "memorysetup-allocator-temp-initial-block-size-main=262144"
    "memorysetup-allocator-temp-initial-block-size-worker=262144"
    "memorysetup-temp-allocator-size-background-worker=32768"
    "memorysetup-temp-allocator-size-job-worker=262144"
    "memorysetup-temp-allocator-size-preload-manager=33554432"
    "memorysetup-temp-allocator-size-nav-mesh-worker=65536"
    "memorysetup-temp-allocator-size-audio-worker=65536"
    "memorysetup-temp-allocator-size-cloud-worker=32768"
    "memorysetup-temp-allocator-size-gi-baking-worker=262144"
    "memorysetup-temp-allocator-size-gi-baking-worker=262144"
    "memorysetup-temp-allocator-size-gi-baking-worker=262144"
    "memorysetup-temp-allocator-size-gi-baking-worker=262144"
    "memorysetup-temp-allocator-size-gfx=262144"
Player connection [3736] Host "[IP] 192.168.1.7 [Port] 0 [Flags] 2 [Guid] 4189144916 [EditorId] 4189144916 [Version] 1048832 [Id] WindowsEditor(7,MeepoStudioPC) [Debug] 1 [PackageName] WindowsEditor [ProjectName] Editor" joined multi-casting on [225.0.0.222:54997]...
Player connection [3736] Host "[IP] 192.168.1.7 [Port] 0 [Flags] 2 [Guid] 4189144916 [EditorId] 4189144916 [Version] 1048832 [Id] WindowsEditor(7,MeepoStudioPC) [Debug] 1 [PackageName] WindowsEditor [ProjectName] Editor" joined alternative multi-casting on [225.0.0.222:34997]...
JobSystem: Creating JobQueue using job-worker-count value 5
[Physics::Module] Initialized MultithreadedJobDispatcher with 5 workers.
Library Redirect Path: Library/
Refreshing native plugins compatible for Editor in 118.27 ms, found 4 plugins.
Preloading 0 native plugins for Editor in 0.00 ms.
Initialize engine version: 2023.2.10f1 (316c1fd686f6)
[Subsystems] Discovering subsystems at path C:/Program Files/Unity/Hub/Editor/2023.2.10f1/Editor/Data/Resources/UnitySubsystems
[Subsystems] Discovering subsystems at path D:/Ducvu25/Unity2DTopDownRGB/Thi tran vui ve/Assets
GfxDevice: creating device client; kGfxThreadingModeNonThreaded
Direct3D:
    Version:  Direct3D 11.0 [level 11.1]
    Renderer: NVIDIA GeForce GTX 1650 (ID=0x2188)
    Vendor:   NVIDIA
    VRAM:     3962 MB
    Driver:   27.21.14.5671
Initialize mono
Mono path[0] = 'C:/Program Files/Unity/Hub/Editor/2023.2.10f1/Editor/Data/Managed'
Mono path[1] = 'C:/Program Files/Unity/Hub/Editor/2023.2.10f1/Editor/Data/MonoBleedingEdge/lib/mono/unityjit-win32'
Mono config path = 'C:/Program Files/Unity/Hub/Editor/2023.2.10f1/Editor/Data/MonoBleedingEdge/etc'
Using monoOptions --debugger-agent=transport=dt_socket,embedding=1,server=y,suspend=n,address=127.0.0.1:56108
Begin MonoManager ReloadAssembly
C:\build\output\Unity-Technologies\mono\mono\metadata\icall.c:1842:
C:\build\output\Unity-Technologies\mono\mono\metadata\icall.c:1842:
C:\build\output\Unity-Technologies\mono\mono\metadata\icall.c:1842:
C:\build\output\Unity-Technologies\mono\mono\metadata\icall.c:1842:
C:\build\output\Unity-Technologies\mono\mono\metadata\icall.c:1842:
C:\build\output\Unity-Technologies\mono\mono\metadata\icall.c:1842:
C:\build\output\Unity-Technologies\mono\mono\metadata\icall.c:1842:
C:\build\output\Unity-Technologies\mono\mono\metadata\icall.c:1842:
C:\build\output\Unity-Technologies\mono\mono\metadata\icall.c:1842:
C:\build\output\Unity-Technologies\mono\mono\metadata\icall.c:1842:
Registering precompiled unity dll's ...
Register platform support module: C:/Program Files/Unity/Hub/Editor/2023.2.10f1/Editor/Data/PlaybackEngines/WebGLSupport/UnityEditor.WebGL.Extensions.dll
Register platform support module: C:/Program Files/Unity/Hub/Editor/2023.2.10f1/Editor/Data/PlaybackEngines/WindowsStandaloneSupport/UnityEditor.WindowsStandalone.Extensions.dll
Register platform support module: C:/Program Files/Unity/Hub/Editor/2023.2.10f1/Editor/Data/PlaybackEngines/AndroidPlayer/UnityEditor.Android.Extensions.dll
Registered in 0.004913 seconds.
- Loaded All Assemblies, in  0.650 seconds
Native extension for Android target not found
Native extension for WindowsStandalone target not found
Native extension for WebGL target not found
Mono: successfully reloaded assembly
C:\build\output\Unity-Technologies\mono\mono\metadata\icall.c:1842:
C:\build\output\Unity-Technologies\mono\mono\metadata\icall.c:1842:
- Finished resetting the current domain, in  0.413 seconds
Domain Reload Profiling: 1060ms
	BeginReloadAssembly (143ms)
		ExecutionOrderSort (0ms)
		DisableScriptedObjects (0ms)
		BackupInstance (0ms)
		ReleaseScriptingObjects (0ms)
		CreateAndSetChildDomain (1ms)
	RebuildCommonClasses (41ms)
	RebuildNativeTypeToScriptingClass (15ms)
	initialDomainReloadingComplete (63ms)
	LoadAllAssembliesAndSetupDomain (386ms)
		LoadAssemblies (141ms)
		RebuildTransferFunctionScriptingTraits (0ms)
		AnalyzeDomain (382ms)
			TypeCache.Refresh (381ms)
				TypeCache.ScanAssembly (200ms)
			BuildScriptInfoCaches (0ms)
			ResolveRequiredComponents (0ms)
	FinalizeReload (413ms)
		ReleaseScriptCaches (0ms)
		RebuildScriptCaches (0ms)
		SetupLoadedEditorAssemblies (347ms)
			LogAssemblyErrors (0ms)
			InitializePlatformSupportModulesInManaged (88ms)
			SetLoadedEditorAssemblies (4ms)
			BeforeProcessingInitializeOnLoad (8ms)
			ProcessInitializeOnLoadAttributes (185ms)
			ProcessInitializeOnLoadMethodAttributes (61ms)
			AfterProcessingInitializeOnLoad (0ms)
			EditorAssembliesLoaded (0ms)
		ExecutionOrderSort2 (0ms)
		AwakeInstancesAfterBackupRestoration (0ms)
========================================================================
Worker process is ready to serve import requests
Import Worker Mode flag is 0x00
Begin MonoManager ReloadAssembly
C:\build\output\Unity-Technologies\mono\mono\metadata\icall.c:1842:
C:\build\output\Unity-Technologies\mono\mono\metadata\icall.c:1842:
C:\build\output\Unity-Technologies\mono\mono\metadata\icall.c:1842:
C:\build\output\Unity-Technologies\mono\mono\metadata\icall.c:1842:
C:\build\output\Unity-Technologies\mono\mono\metadata\icall.c:1842:
C:\build\output\Unity-Technologies\mono\mono\metadata\icall.c:1842:
C:\build\output\Unity-Technologies\mono\mono\metadata\icall.c:1842:
C:\build\output\Unity-Technologies\mono\mono\metadata\icall.c:1842:
C:\build\output\Unity-Technologies\mono\mono\metadata\icall.c:1842:
C:\build\output\Unity-Technologies\mono\mono\metadata\icall.c:1842:
C:\build\output\Unity-Technologies\mono\mono\metadata\icall.c:1842:
C:\build\output\Unity-Technologies\mono\mono\metadata\icall.c:1842:
Symbol file LoadedFromMemory doesn't match image D:\Ducvu25\Unity2DTopDownRGB\Thi tran vui ve\Library\PackageCache\com.unity.visualscripting@1.8.0\Editor\VisualScripting.Core\Dependencies\YamlDotNet\Unity.VisualScripting.YamlDotNet.dll
Symbol file LoadedFromMemory doesn't match image D:\Ducvu25\Unity2DTopDownRGB\Thi tran vui ve\Library\PackageCache\com.unity.visualscripting@1.8.0\Editor\VisualScripting.Core\Dependencies\DotNetZip\Unity.VisualScripting.IonicZip.dll
- Loaded All Assemblies, in  2.763 seconds
Refreshing native plugins compatible for Editor in 1.15 ms, found 4 plugins.
Native extension for Android target not found
Native extension for WindowsStandalone target not found
Native extension for WebGL target not found
Mono: successfully reloaded assembly
- Finished resetting the current domain, in  0.950 seconds
Domain Reload Profiling: 3711ms
	BeginReloadAssembly (345ms)
		ExecutionOrderSort (0ms)
		DisableScriptedObjects (7ms)
		BackupInstance (0ms)
		ReleaseScriptingObjects (0ms)
		CreateAndSetChildDomain (39ms)
	RebuildCommonClasses (44ms)
	RebuildNativeTypeToScriptingClass (15ms)
	initialDomainReloadingComplete (44ms)
	LoadAllAssembliesAndSetupDomain (2312ms)
		LoadAssemblies (2046ms)
		RebuildTransferFunctionScriptingTraits (0ms)
		AnalyzeDomain (377ms)
			TypeCache.Refresh (320ms)
				TypeCache.ScanAssembly (299ms)
			BuildScriptInfoCaches (42ms)
			ResolveRequiredComponents (13ms)
	FinalizeReload (951ms)
		ReleaseScriptCaches (0ms)
		RebuildScriptCaches (0ms)
		SetupLoadedEditorAssemblies (664ms)
			LogAssemblyErrors (0ms)
			InitializePlatformSupportModulesInManaged (21ms)
			SetLoadedEditorAssemblies (4ms)
			BeforeProcessingInitializeOnLoad (64ms)
			ProcessInitializeOnLoadAttributes (502ms)
			ProcessInitializeOnLoadMethodAttributes (67ms)
			AfterProcessingInitializeOnLoad (6ms)
			EditorAssembliesLoaded (0ms)
		ExecutionOrderSort2 (0ms)
		AwakeInstancesAfterBackupRestoration (9ms)
Launched and connected shader compiler UnityShaderCompiler.exe after 0.01 seconds
Refreshing native plugins compatible for Editor in 1.34 ms, found 4 plugins.
Preloading 0 native plugins for Editor in 0.00 ms.
Unloading 170 Unused Serialized files (Serialized files now loaded: 0)
Unloading 6218 unused Assets / (5.5 MB). Loaded Objects now: 6894.
Memory consumption went from 185.9 MB to 180.4 MB.
Total: 11.400900 ms (FindLiveObjects: 0.803800 ms CreateObjectMapping: 1.239100 ms MarkObjects: 5.283400 ms  DeleteObjects: 4.073800 ms)

========================================================================
Received Import Request.
  Time since last request: 249023.856427 seconds.
  path: Assets/Pictures/Crop_Pack_02.png
  artifactKey: Guid(5361de841083fcf4cb7d019bef3ff357) Importer(815301076,1909f56bfc062723c751e8b465ee728b)
Start importing Assets/Pictures/Crop_Pack_02.png using Guid(5361de841083fcf4cb7d019bef3ff357) Importer(815301076,1909f56bfc062723c751e8b465ee728b) (PreviewImporter) -> (artifact id: '79ca9191ad131f3d384250fc77a23b32') in 0.2576956 seconds
Number of updated asset objects reloaded before import = 0Number of asset objects unloaded after import = 124

========================================================================
Received Import Request.
  Time since last request: 88.521107 seconds.
  path: Assets/Pictures/Simple Farm Packv12-export-export.png
  artifactKey: Guid(cc94d6bffb26bf84cbd8bc9bbf5c96cd) Importer(815301076,1909f56bfc062723c751e8b465ee728b)
Start importing Assets/Pictures/Simple Farm Packv12-export-export.png using Guid(cc94d6bffb26bf84cbd8bc9bbf5c96cd) Importer(815301076,1909f56bfc062723c751e8b465ee728b) (PreviewImporter) -> (artifact id: '4cc89469d4c77fbdad22af0f39e8276d') in 0.3412651 seconds
Number of updated asset objects reloaded before import = 0Number of asset objects unloaded after import = 227

========================================================================
Received Import Request.
  Time since last request: 188.411888 seconds.
  path: Assets/Pictures/Serene_Village_16x16.png
  artifactKey: Guid(260b1bef4277af74d847e8514c99905c) Importer(815301076,1909f56bfc062723c751e8b465ee728b)
Start importing Assets/Pictures/Serene_Village_16x16.png using Guid(260b1bef4277af74d847e8514c99905c) Importer(815301076,1909f56bfc062723c751e8b465ee728b) (PreviewImporter) -> (artifact id: 'a6b42bafa6280ceeb317b897f5857465') in 0.2614803 seconds
Number of updated asset objects reloaded before import = 0Number of asset objects unloaded after import = 89

========================================================================
Received Import Request.
  Time since last request: 0.000019 seconds.
  path: Assets/Pictures/Serene_Village_48x48.png
  artifactKey: Guid(8f1b066e07b23f54dbaac9cb59a999c5) Importer(815301076,1909f56bfc062723c751e8b465ee728b)
Start importing Assets/Pictures/Serene_Village_48x48.png using Guid(8f1b066e07b23f54dbaac9cb59a999c5) Importer(815301076,1909f56bfc062723c751e8b465ee728b) (PreviewImporter) -> (artifact id: 'aab9ada7e6849c9ca4693eb9a85957c2') in 0.2853929 seconds
Number of updated asset objects reloaded before import = 0Number of asset objects unloaded after import = 117

========================================================================
Received Import Request.
  Time since last request: 51.525367 seconds.
  path: Assets/Pictures/campfire_48x48.png
  artifactKey: Guid(2b6ca881f39839e4aaf13c3922f36e7b) Importer(815301076,1909f56bfc062723c751e8b465ee728b)
Start importing Assets/Pictures/campfire_48x48.png using Guid(2b6ca881f39839e4aaf13c3922f36e7b) Importer(815301076,1909f56bfc062723c751e8b465ee728b) (PreviewImporter) -> (artifact id: 'dd32592a40d41c137168f99a666edc0c') in 0.0271958 seconds
Number of updated asset objects reloaded before import = 0Number of asset objects unloaded after import = 6

========================================================================
Received Import Request.
  Time since last request: 0.000109 seconds.
  path: Assets/Pictures/door_48x48.png
  artifactKey: Guid(f4bf7750135a5e34e9cc51c23e0b625c) Importer(815301076,1909f56bfc062723c751e8b465ee728b)
Start importing Assets/Pictures/door_48x48.png using Guid(f4bf7750135a5e34e9cc51c23e0b625c) Importer(815301076,1909f56bfc062723c751e8b465ee728b) (PreviewImporter) -> (artifact id: '548f17c8fdf40bafb95bad72dacbfa48') in 0.0143628 seconds
Number of updated asset objects reloaded before import = 0Number of asset objects unloaded after import = 3

========================================================================
Received Import Request.
  Time since last request: 10.207170 seconds.
  path: Assets/Pictures/campfire_32x32.png
  artifactKey: Guid(e08ad4176e22588429276541700bd68b) Importer(815301076,1909f56bfc062723c751e8b465ee728b)
Start importing Assets/Pictures/campfire_32x32.png using Guid(e08ad4176e22588429276541700bd68b) Importer(815301076,1909f56bfc062723c751e8b465ee728b) (PreviewImporter) -> (artifact id: '710cf9945958a8c04054da9a9ceddad9') in 0.0251747 seconds
Number of updated asset objects reloaded before import = 0Number of asset objects unloaded after import = 6

========================================================================
Received Import Request.
  Time since last request: 17.845408 seconds.
  path: Assets/Pictures/Autotiles_no_inner_corners_16x16.png
  artifactKey: Guid(695ef62df484196479e16fcf1166fbdf) Importer(815301076,1909f56bfc062723c751e8b465ee728b)
Start importing Assets/Pictures/Autotiles_no_inner_corners_16x16.png using Guid(695ef62df484196479e16fcf1166fbdf) Importer(815301076,1909f56bfc062723c751e8b465ee728b) (PreviewImporter) -> (artifact id: '1e7f3dd9ad8360e8b0b59ed6ea87f03b') in 0.0329455 seconds
Number of updated asset objects reloaded before import = 0Number of asset objects unloaded after import = 6

========================================================================
Received Import Request.
  Time since last request: 1001.796761 seconds.
  path: Assets/Pictures/!$door.png
  artifactKey: Guid(d1e046dfc2c3b8a4c82b4864f8d2934e) Importer(815301076,1909f56bfc062723c751e8b465ee728b)
Start importing Assets/Pictures/!$door.png using Guid(d1e046dfc2c3b8a4c82b4864f8d2934e) Importer(815301076,1909f56bfc062723c751e8b465ee728b) (PreviewImporter) -> (artifact id: '228a6f257e953321a311a5928b90a271') in 0.0261994 seconds
Number of updated asset objects reloaded before import = 0Number of asset objects unloaded after import = 3

========================================================================
Received Import Request.
  Time since last request: 122.685588 seconds.
  path: Assets/Pictures/dust_particles_01.png
  artifactKey: Guid(4affe73fbbd182b499961fdce1958e10) Importer(815301076,1909f56bfc062723c751e8b465ee728b)
Start importing Assets/Pictures/dust_particles_01.png using Guid(4affe73fbbd182b499961fdce1958e10) Importer(815301076,1909f56bfc062723c751e8b465ee728b) (PreviewImporter) -> (artifact id: '9c49008539758a749af8c753437d77a6') in 0.0235618 seconds
Number of updated asset objects reloaded before import = 0Number of asset objects unloaded after import = 4

========================================================================
Received Import Request.
  Time since last request: 0.018228 seconds.
  path: Assets/Pictures/Outside_Stuff_TILESET_B-C-D-E.png
  artifactKey: Guid(5d3f3d0c9e3ca6140874a0f92e8f5212) Importer(815301076,1909f56bfc062723c751e8b465ee728b)
Start importing Assets/Pictures/Outside_Stuff_TILESET_B-C-D-E.png using Guid(5d3f3d0c9e3ca6140874a0f92e8f5212) Importer(815301076,1909f56bfc062723c751e8b465ee728b) (PreviewImporter) -> (artifact id: 'ed839b59261be6fa9fc26f9adfd33d51') in 0.2537906 seconds
Number of updated asset objects reloaded before import = 0Number of asset objects unloaded after import = 84

========================================================================
Received Import Request.
  Time since last request: 0.789139 seconds.
  path: Assets/Pictures/Terrains_TILESET_B-C-D-E.png
  artifactKey: Guid(092153e1ce43728418dddd856a2ca9b1) Importer(815301076,1909f56bfc062723c751e8b465ee728b)
Start importing Assets/Pictures/Terrains_TILESET_B-C-D-E.png using Guid(092153e1ce43728418dddd856a2ca9b1) Importer(815301076,1909f56bfc062723c751e8b465ee728b) (PreviewImporter) -> (artifact id: '1d403abb4415b69ae7765ea5e841f3c1') in 0.0210838 seconds
Number of updated asset objects reloaded before import = 0Number of asset objects unloaded after import = 5

========================================================================
Received Import Request.
  Time since last request: 0.430373 seconds.
  path: Assets/Pictures/water_waves_32x32.png
  artifactKey: Guid(893dd5c6dbf9c224f8a6e40ef493516c) Importer(815301076,1909f56bfc062723c751e8b465ee728b)
Start importing Assets/Pictures/water_waves_32x32.png using Guid(893dd5c6dbf9c224f8a6e40ef493516c) Importer(815301076,1909f56bfc062723c751e8b465ee728b) (PreviewImporter) -> (artifact id: '7d1319b0fe658e31523d70603765fdc8') in 0.0139297 seconds
Number of updated asset objects reloaded before import = 0Number of asset objects unloaded after import = 3

========================================================================
Received Import Request.
  Time since last request: 2.734317 seconds.
  path: Assets/Pictures/!$Campfire.png
  artifactKey: Guid(bea0fc7446fb81f40bdcd4bffa12fd31) Importer(815301076,1909f56bfc062723c751e8b465ee728b)
Start importing Assets/Pictures/!$Campfire.png using Guid(bea0fc7446fb81f40bdcd4bffa12fd31) Importer(815301076,1909f56bfc062723c751e8b465ee728b) (PreviewImporter) -> (artifact id: '6801c3bae11f5c25b24e6020793c4cc5') in 0.0559292 seconds
Number of updated asset objects reloaded before import = 0Number of asset objects unloaded after import = 14

========================================================================
Received Import Request.
  Time since last request: 1.352663 seconds.
  path: Assets/Pictures/Sprout Lands - Sprites - Basic pack
  artifactKey: Guid(fd1506016834dc4468ad4d9d9449f68c) Importer(815301076,1909f56bfc062723c751e8b465ee728b)
Start importing Assets/Pictures/Sprout Lands - Sprites - Basic pack using Guid(fd1506016834dc4468ad4d9d9449f68c) Importer(815301076,1909f56bfc062723c751e8b465ee728b) (PreviewImporter) -> (artifact id: '75e472a4fb4e9a5f316d808a46f72524') in 0.0005495 seconds
Number of updated asset objects reloaded before import = 0Number of asset objects unloaded after import = 0

========================================================================
Received Import Request.
  Time since last request: 18.336666 seconds.
  path: Assets/Pictures/Sprout Lands - Sprites - Basic pack/Objects
  artifactKey: Guid(ca0b131c402a7464fa2d7e2c82e17888) Importer(815301076,1909f56bfc062723c751e8b465ee728b)
Start importing Assets/Pictures/Sprout Lands - Sprites - Basic pack/Objects using Guid(ca0b131c402a7464fa2d7e2c82e17888) Importer(815301076,1909f56bfc062723c751e8b465ee728b) (PreviewImporter) -> (artifact id: '568e5ab11080883b699ce5a8a873cbfe') in 0.0007396 seconds
Number of updated asset objects reloaded before import = 0Number of asset objects unloaded after import = 0

========================================================================
Received Import Request.
  Time since last request: 0.046117 seconds.
  path: Assets/Pictures/Sprout Lands - Sprites - Basic pack/Objects/Basic_Furniture.png
  artifactKey: Guid(3a58087c7eceed945bed4043266f7b52) Importer(815301076,1909f56bfc062723c751e8b465ee728b)
Start importing Assets/Pictures/Sprout Lands - Sprites - Basic pack/Objects/Basic_Furniture.png using Guid(3a58087c7eceed945bed4043266f7b52) Importer(815301076,1909f56bfc062723c751e8b465ee728b) (PreviewImporter) -> (artifact id: '2cc2aecf9a8d476c1b65e04daadbab0b') in 0.172833 seconds
Number of updated asset objects reloaded before import = 0Number of asset objects unloaded after import = 31

========================================================================
Received Import Request.
  Time since last request: 0.000018 seconds.
  path: Assets/Pictures/Sprout Lands - Sprites - Basic pack/Objects/Basic_tools_and_meterials.png
  artifactKey: Guid(3e0857c9a3dd405439f119bfbd20f11d) Importer(815301076,1909f56bfc062723c751e8b465ee728b)
Start importing Assets/Pictures/Sprout Lands - Sprites - Basic pack/Objects/Basic_tools_and_meterials.png using Guid(3e0857c9a3dd405439f119bfbd20f11d) Importer(815301076,1909f56bfc062723c751e8b465ee728b) (PreviewImporter) -> (artifact id: '80dc7a550c156b79248537faa55f7741') in 0.0271023 seconds
Number of updated asset objects reloaded before import = 0Number of asset objects unloaded after import = 8

========================================================================
Received Import Request.
  Time since last request: 0.000079 seconds.
  path: Assets/Pictures/Sprout Lands - Sprites - Basic pack/Objects/Basic_Plants.png
  artifactKey: Guid(50e2a8b0084de6f4298c8dec6fb3d483) Importer(815301076,1909f56bfc062723c751e8b465ee728b)
Start importing Assets/Pictures/Sprout Lands - Sprites - Basic pack/Objects/Basic_Plants.png using Guid(50e2a8b0084de6f4298c8dec6fb3d483) Importer(815301076,1909f56bfc062723c751e8b465ee728b) (PreviewImporter) -> (artifact id: 'c732ef1120af9d17295674437d5e9b74') in 0.0462351 seconds
Number of updated asset objects reloaded before import = 0Number of asset objects unloaded after import = 14

========================================================================
Received Import Request.
  Time since last request: 3.144084 seconds.
  path: Assets/Pictures/Sprout Lands - Sprites - Basic pack/Objects/Egg_item.png
  artifactKey: Guid(1726aa1eae548e540add0162b69c8d16) Importer(815301076,1909f56bfc062723c751e8b465ee728b)
Start importing Assets/Pictures/Sprout Lands - Sprites - Basic pack/Objects/Egg_item.png using Guid(1726aa1eae548e540add0162b69c8d16) Importer(815301076,1909f56bfc062723c751e8b465ee728b) (PreviewImporter) -> (artifact id: '7ad3f0f0efd1a69d343bd39faa57d537') in 0.0221891 seconds
Number of updated asset objects reloaded before import = 0Number of asset objects unloaded after import = 3

========================================================================
Received Import Request.
  Time since last request: 0.024848 seconds.
  path: Assets/Pictures/Sprout Lands - Sprites - Basic pack/Objects/Fantasy Crops.png
  artifactKey: Guid(2841faf893f40814b9c0dd4258a9da9a) Importer(815301076,1909f56bfc062723c751e8b465ee728b)
Start importing Assets/Pictures/Sprout Lands - Sprites - Basic pack/Objects/Fantasy Crops.png using Guid(2841faf893f40814b9c0dd4258a9da9a) Importer(815301076,1909f56bfc062723c751e8b465ee728b) (PreviewImporter) -> (artifact id: 'e2fa27f467ec49425f2a8b2c9c51980a') in 0.2767782 seconds
Number of updated asset objects reloaded before import = 0Number of asset objects unloaded after import = 113

========================================================================
Received Import Request.
  Time since last request: 0.275903 seconds.
  path: Assets/Pictures/Sprout Lands - Sprites - Basic pack/Objects/Free_Chicken_House.png
  artifactKey: Guid(8c4702ad6ab45f341b22b0f02d4212bf) Importer(815301076,1909f56bfc062723c751e8b465ee728b)
Start importing Assets/Pictures/Sprout Lands - Sprites - Basic pack/Objects/Free_Chicken_House.png using Guid(8c4702ad6ab45f341b22b0f02d4212bf) Importer(815301076,1909f56bfc062723c751e8b465ee728b) (PreviewImporter) -> (artifact id: '0cd50c9406eead5db8fe7c4562899eff') in 0.0162788 seconds
Number of updated asset objects reloaded before import = 0Number of asset objects unloaded after import = 3

========================================================================
Received Import Request.
  Time since last request: 0.040580 seconds.
  path: Assets/Pictures/Sprout Lands - Sprites - Basic pack/Objects/Paths.png
  artifactKey: Guid(5ed307d1a3def8342b2070b5063326bd) Importer(815301076,1909f56bfc062723c751e8b465ee728b)
Start importing Assets/Pictures/Sprout Lands - Sprites - Basic pack/Objects/Paths.png using Guid(5ed307d1a3def8342b2070b5063326bd) Importer(815301076,1909f56bfc062723c751e8b465ee728b) (PreviewImporter) -> (artifact id: '9991bd51bb4b16e32ba62c5adb85a5d9') in 0.0329913 seconds
Number of updated asset objects reloaded before import = 0Number of asset objects unloaded after import = 10

========================================================================
Received Import Request.
  Time since last request: 0.601907 seconds.
  path: Assets/Pictures/Sprout Lands - Sprites - Basic pack/Objects/Wood_Bridge.png
  artifactKey: Guid(207e92249f1ad6544a9eff8000c7f11b) Importer(815301076,1909f56bfc062723c751e8b465ee728b)
Start importing Assets/Pictures/Sprout Lands - Sprites - Basic pack/Objects/Wood_Bridge.png using Guid(207e92249f1ad6544a9eff8000c7f11b) Importer(815301076,1909f56bfc062723c751e8b465ee728b) (PreviewImporter) -> (artifact id: '61ccf1f2dc13793eed981faaa6d72e23') in 0.0220195 seconds
Number of updated asset objects reloaded before import = 0Number of asset objects unloaded after import = 6

